Listening for transport dt_socket at address: 54948
{"logLevel":"debug","message":"multithreading is set to false"}
{"logLevel":"debug","message":"Using reflection to scan dependencies for gauge implementations..."}
SLF4J: Failed to load class "org.slf4j.impl.StaticLoggerBinder".
SLF4J: Defaulting to no-operation (NOP) logger implementation
SLF4J: See http://www.slf4j.org/codes.html#StaticLoggerBinder for further details.
{"logLevel":"debug","message":"gauge-java took 1202milliseconds to load and scan. This should be less than 'runner_connection_timeout' config value."}
{"logLevel":"debug","message":"run 'gauge config runner_connection_timeout' and verify that it is < 1202"}
{"logLevel":"debug","message":"starting gRPC server..."}
{"logLevel":"debug","message":"started gRPC server on port 54979"}
{"logLevel":"info","message":"Listening on port:54979"}
{"logLevel":"debug","message":"Scanning packages for steps"}
{"logLevel":"debug","message":"Comparing 'Tests.CreditCalculationTest.scrollDownPaymentPlan' and 'Tests.CreditCalculationTest.scrollDownPaymentPlan'"}
{"logLevel":"debug","message":"Found Scroll down on the ODEME PLANI page until 20th is seen in current project scope."}
{"logLevel":"debug","message":"Comparing 'Tests.CreditCalculationTest.chooseInsured' and 'Tests.CreditCalculationTest.chooseInsured'"}
{"logLevel":"debug","message":"Found Choose insured type {} in current project scope."}
{"logLevel":"debug","message":"Comparing 'Tests.CreditCalculationTest.clickCalculationDetails' and 'Tests.CreditCalculationTest.clickCalculationDetails'"}
{"logLevel":"debug","message":"Found Click HESAPLAMA DETAYLARI in current project scope."}
{"logLevel":"debug","message":"Comparing 'org.example.StepImplementation.ensureInstallationInstructionsAreAvailable' and 'org.example.StepImplementation.ensureInstallationInstructionsAreAvailable'"}
{"logLevel":"debug","message":"Found Ensure installation instructions are available in current project scope."}
{"logLevel":"debug","message":"Comparing 'Tests.CreditCalculationTest.calculatorCarLoanIsVisible' and 'Tests.CreditCalculationTest.calculatorCarLoanIsVisible'"}
{"logLevel":"debug","message":"Found Check {} calculator car loan is visible in current project scope."}
{"logLevel":"debug","message":"Comparing 'Tests.HomeTest.scroolBottomPage' and 'Tests.HomeTest.scroolBottomPage'"}
{"logLevel":"debug","message":"Found Scroll down to the bottom of the page in current project scope."}
{"logLevel":"debug","message":"Comparing 'Tests.CreditCalculationTest.setAmountField' and 'Tests.CreditCalculationTest.setAmountField'"}
{"logLevel":"debug","message":"Found Enter {} in TUTAR field in current project scope."}
{"logLevel":"debug","message":"Comparing 'org.example.StepImplementation.gotoGetStartedPage' and 'org.example.StepImplementation.gotoGetStartedPage'"}
{"logLevel":"debug","message":"Found Go to Gauge Get Started Page in current project scope."}
{"logLevel":"debug","message":"Comparing 'Tests.HomeTest.userVisitSite' and 'Tests.HomeTest.userVisitSite'"}
{"logLevel":"debug","message":"Found User {} visit site. in current project scope."}
{"logLevel":"debug","message":"Comparing 'org.example.StepImplementation.implementation1' and 'org.example.StepImplementation.implementation1'"}
{"logLevel":"debug","message":"Found Open the Gauge homepage in current project scope."}
{"logLevel":"debug","message":"Comparing 'Tests.CreditCalculationTest.clickPaymentPlan' and 'Tests.CreditCalculationTest.clickPaymentPlan'"}
{"logLevel":"debug","message":"Found Click ODEME PLANI in current project scope."}
{"logLevel":"debug","message":"Comparing 'Tests.HomeTest.clickCreditCalculation' and 'Tests.HomeTest.clickCreditCalculation'"}
{"logLevel":"debug","message":"Found Click Kredi Hesaplama in current project scope."}
{"logLevel":"debug","message":"Comparing 'Tests.CreditCalculationTest.setMaturity' and 'Tests.CreditCalculationTest.setMaturity'"}
{"logLevel":"debug","message":"Found Set maturity {} in current project scope."}
{"logLevel":"debug","message":"Scanning packages for hooks"}
{"logLevel":"debug","message":"Scanned steps (using static parsing + reflections): "}
{"logLevel":"debug","message":"\tClick ODEME PLANI : public void clickPaymentPlan()"}
{"logLevel":"debug","message":"\tClick Kredi Hesaplama : public void clickCreditCalculation()"}
{"logLevel":"debug","message":"\tChoose insured type {} : public void chooseInsured(String key)"}
{"logLevel":"debug","message":"\tScroll down on the ODEME PLANI page until 20th is seen : public void scrollDownPaymentPlan()"}
{"logLevel":"debug","message":"\tOpen the Gauge homepage : public void implementation1()"}
{"logLevel":"debug","message":"\tGo to Gauge Get Started Page : public void gotoGetStartedPage() throws InterruptedException"}
{"logLevel":"debug","message":"\tEnter {} in TUTAR field : public void setAmountField(String key)"}
{"logLevel":"debug","message":"\tClick HESAPLAMA DETAYLARI : public void clickCalculationDetails()"}
{"logLevel":"debug","message":"\tScroll down to the bottom of the page : public void scroolBottomPage()"}
{"logLevel":"debug","message":"\tSet maturity {} : public void setMaturity(String key)"}
{"logLevel":"debug","message":"\tCheck {} calculator car loan is visible : public void calculatorCarLoanIsVisible(String key)"}
{"logLevel":"debug","message":"\tEnsure installation instructions are available : public void ensureInstallationInstructionsAreAvailable() throws InterruptedException"}
{"logLevel":"debug","message":"\tUser {} visit site. : public void userVisitSite(String key)"}
Starting ChromeDriver 89.0.4389.23 (61b08ee2c50024bab004e48d2b1b083cdbdac579-refs/branch-heads/4389@{#294}) on port 43751
Only local connections are allowed.
Please see https://chromedriver.chromium.org/security-considerations for suggestions on keeping ChromeDriver safe.
ChromeDriver was started successfully.
Nis 10, 2021 12:40:44 AM org.openqa.selenium.remote.ProtocolHandshake createSession
INFO: Detected dialect: W3C
{"logLevel":"debug","message":"Executing 'User {} visit site.' using 'class Tests.HomeTest.userVisitSite"}
{"logLevel":"debug","message":"Executing 'Scroll down to the bottom of the page' using 'class Tests.HomeTest.scroolBottomPage"}
{"logLevel":"debug","message":"Executing 'Click Kredi Hesaplama' using 'class Tests.HomeTest.clickCreditCalculation"}
{"logLevel":"debug","message":"Executing 'Enter {} in TUTAR field' using 'class Tests.CreditCalculationTest.setAmountField"}
{"logLevel":"debug","message":"Executing 'Choose insured type {}' using 'class Tests.CreditCalculationTest.chooseInsured"}
{"logLevel":"debug","message":"Executing 'Set maturity {}' using 'class Tests.CreditCalculationTest.setMaturity"}
{"logLevel":"debug","message":"Executing 'Click HESAPLAMA DETAYLARI' using 'class Tests.CreditCalculationTest.clickCalculationDetails"}
{"logLevel":"debug","message":"Executing 'Check {} calculator car loan is visible' using 'class Tests.CreditCalculationTest.calculatorCarLoanIsVisible"}
{"logLevel":"debug","message":"Executing 'Click ODEME PLANI' using 'class Tests.CreditCalculationTest.clickPaymentPlan"}
{"logLevel":"debug","message":"Executing 'Check {} calculator car loan is visible' using 'class Tests.CreditCalculationTest.calculatorCarLoanIsVisible"}
{"logLevel":"debug","message":"Executing 'Scroll down on the ODEME PLANI page until 20th is seen' using 'class Tests.CreditCalculationTest.scrollDownPaymentPlan"}
[1618004488.492][WARNING]: Timed out connecting to Chrome, retrying...
